[    0.000000] Initializing cgroup subsys cpuset
[    0.000000] Initializing cgroup subsys cpu
[    0.000000] Initializing cgroup subsys cpuacct
[    0.000000] Linux version 4.4.0-112-generic (buildd@lgw01-amd64-010) (gcc version 5.4.0 20160609 (Ubuntu 5.4.0-6ubuntu1~16.04.5) ) #135-Ubuntu SMP Fri Jan 19 11:48:36 UTC 2018 (Ubuntu 4.4.0-112.135-generic 4.4.98)
[    0.000000] Command line: BOOT_IMAGE=/boot/vmlinuz-4.4.0-112-generic root=LABEL=cloudimg-rootfs ro console=tty1 console=ttyS0
[    0.000000] KERNEL supported cpus:
[    0.000000]   Intel GenuineIntel
[    0.000000]   AMD AuthenticAMD
[    0.000000]   Centaur CentaurHauls
[    0.000000] x86/fpu: xstate_offset[2]:  576, xstate_sizes[2]:  256
[    0.000000] x86/fpu: Supporting XSAVE feature 0x01: 'x87 floating point registers'
[    0.000000] x86/fpu: Supporting XSAVE feature 0x02: 'SSE registers'
[    0.000000] x86/fpu: Supporting XSAVE feature 0x04: 'AVX registers'
[    0.000000] x86/fpu: Enabled xstate features 0x7, context size is 832 bytes, using 'standard' format.
[    0.000000] x86/fpu: Using 'lazy' FPU context switches.
[    0.000000] e820: BIOS-provided physical RAM map:
[    0.000000] BIOS-e820: [mem 0x0000000000000000-0x000000000009fbff] usable
[    0.000000] BIOS-e820: [mem 0x000000000009fc00-0x000000000009ffff] reserved
[    0.000000] BIOS-e820: [mem 0x00000000000f0000-0x00000000000fffff] reserved
[    0.000000] BIOS-e820: [mem 0x0000000000100000-0x000000003ffeffff] usable
[    0.000000] BIOS-e820: [mem 0x000000003fff0000-0x000000003fffffff] ACPI data
[    0.000000] BIOS-e820: [mem 0x00000000fec00000-0x00000000fec00fff] reserved
[    0.000000] BIOS-e820: [mem 0x00000000fee00000-0x00000000fee00fff] reserved
[    0.000000] BIOS-e820: [mem 0x00000000fffc0000-0x00000000ffffffff] reserved
[    0.000000] NX (Execute Disable) protection: active
[    0.000000] SMBIOS 2.5 present.
[    0.000000] Hypervisor detected: KVM
[    0.000000] e820: last_pfn = 0x3fff0 max_arch_pfn = 0x400000000
[    0.000000] MTRR: Disabled
[    0.000000] x86/PAT: MTRRs disabled, skipping PAT initialization too.
[    0.000000] CPU MTRRs all blank - virtualized system.
[    0.000000] x86/PAT: Configuration [0-7]: WB  WT  UC- UC  WB  WT  UC- UC  
[    0.000000] found SMP MP-table at [mem 0x0009fff0-0x0009ffff] mapped at [ffff88000009fff0]
[    0.000000] Scanning 1 areas for low memory corruption
[    0.000000] RAMDISK: [mem 0x36adc000-0x37565fff]
[    0.000000] ACPI: Early table checksum verification disabled
[    0.000000] ACPI: RSDP 0x00000000000E0000 000024 (v02 VBOX  )
[    0.000000] ACPI: XSDT 0x000000003FFF0030 00003C (v01 VBOX   VBOXXSDT 00000001 ASL  00000061)
[    0.000000] ACPI: FACP 0x000000003FFF00F0 0000F4 (v04 VBOX   VBOXFACP 00000001 ASL  00000061)
[    0.000000] ACPI: DSDT 0x000000003FFF0470 0021FF (v02 VBOX   VBOXBIOS 00000002 INTL 20160831)
[    0.000000] ACPI: FACS 0x000000003FFF0200 000040
[    0.000000] ACPI: FACS 0x000000003FFF0200 000040
[    0.000000] ACPI: APIC 0x000000003FFF0240 00005C (v02 VBOX   VBOXAPIC 00000001 ASL  00000061)
[    0.000000] ACPI: SSDT 0x000000003FFF02A0 0001CC (v01 VBOX   VBOXCPUT 00000002 INTL 20160831)
[    0.000000] No NUMA configuration found
[    0.000000] Faking a node at [mem 0x0000000000000000-0x000000003ffeffff]
[    0.000000] NODE_DATA(0) allocated [mem 0x3ffeb000-0x3ffeffff]
[    0.000000] kvm-clock: Using msrs 4b564d01 and 4b564d00
[    0.000000] kvm-clock: cpu 0, msr 0:3ffe3001, primary cpu clock
[    0.000000] kvm-clock: using sched offset of 3180997274 cycles
[    0.000000] clocksource: kvm-clock: mask: 0xffffffffffffffff max_cycles: 0x1cd42e4dffb, max_idle_ns: 881590591483 ns
[    0.000000] Zone ranges:
[    0.000000]   DMA      [mem 0x0000000000001000-0x0000000000ffffff]
[    0.000000]   DMA32    [mem 0x0000000001000000-0x000000003ffeffff]
[    0.000000]   Normal   empty
[    0.000000]   Device   empty
[    0.000000] Movable zone start for each node
[    0.000000] Early memory node ranges
[    0.000000]   node   0: [mem 0x0000000000001000-0x000000000009efff]
[    0.000000]   node   0: [mem 0x0000000000100000-0x000000003ffeffff]
[    0.000000] Initmem setup node 0 [mem 0x0000000000001000-0x000000003ffeffff]
[    0.000000] ACPI: PM-Timer IO Port: 0x4008
[    0.000000] IOAPIC[0]: apic_id 2, version 32, address 0xfec00000, GSI 0-23
[    0.000000] ACPI: INT_SRC_OVR (bus 0 bus_irq 0 global_irq 2 dfl dfl)
[    0.000000] ACPI: INT_SRC_OVR (bus 0 bus_irq 9 global_irq 9 high level)
[    0.000000] Using ACPI (MADT) for SMP configuration information
[    0.000000] smpboot: Allowing 2 CPUs, 0 hotplug CPUs
[    0.000000] PM: Registered nosave memory: [mem 0x00000000-0x00000fff]
[    0.000000] PM: Registered nosave memory: [mem 0x0009f000-0x0009ffff]
[    0.000000] PM: Registered nosave memory: [mem 0x000a0000-0x000effff]
[    0.000000] PM: Registered nosave memory: [mem 0x000f0000-0x000fffff]
[    0.000000] e820: [mem 0x40000000-0xfebfffff] available for PCI devices
[    0.000000] Booting paravirtualized kernel on KVM
[    0.000000] clocksource: refined-jiffies: mask: 0xffffffff max_cycles: 0xffffffff, max_idle_ns: 7645519600211568 ns
[    0.000000] setup_percpu: NR_CPUS:512 nr_cpumask_bits:512 nr_cpu_ids:2 nr_node_ids:1
[    0.000000] PERCPU: Embedded 34 pages/cpu @ffff88003fc00000 s99544 r8192 d31528 u1048576
[    0.000000] PV qspinlock hash table entries: 256 (order: 0, 4096 bytes)
[    0.000000] Built 1 zonelists in Node order, mobility grouping on.  Total pages: 257913
[    0.000000] Policy zone: DMA32
[    0.000000] Kernel command line: BOOT_IMAGE=/boot/vmlinuz-4.4.0-112-generic root=LABEL=cloudimg-rootfs ro console=tty1 console=ttyS0
[    0.000000] PID hash table entries: 4096 (order: 3, 32768 bytes)
[    0.000000] Memory: 1001740K/1048120K available (8499K kernel code, 1309K rwdata, 3988K rodata, 1508K init, 1316K bss, 46380K reserved, 0K cma-reserved)
[    0.000000] SLUB: HWalign=64, Order=0-3, MinObjects=0, CPUs=2, Nodes=1
[    0.000000] Kernel/User page tables isolation: enabled
[    0.000000] Hierarchical RCU implementation.
[    0.000000] 	Build-time adjustment of leaf fanout to 64.
[    0.000000] 	RCU restricting CPUs from NR_CPUS=512 to nr_cpu_ids=2.
[    0.000000] RCU: Adjusting geometry for rcu_fanout_leaf=64, nr_cpu_ids=2
[    0.000000] NR_IRQS:33024 nr_irqs:440 16
[    0.000000] Console: colour VGA+ 80x25
[    0.000000] console [tty1] enabled
[    0.000000] console [ttyS0] enabled
[    0.000000] tsc: Detected 3292.518 MHz processor
[    0.324279] Calibrating delay loop (skipped) preset value.. 6585.03 BogoMIPS (lpj=13170072)
[    0.325603] pid_max: default: 32768 minimum: 301
[    0.326315] ACPI: Core revision 20150930
[    0.327899] ACPI: 2 ACPI AML tables successfully acquired and loaded
[    0.328936] Security Framework initialized
[    0.329596] Yama: becoming mindful.
[    0.330202] AppArmor: AppArmor initialized
[    0.330931] Dentry cache hash table entries: 131072 (order: 8, 1048576 bytes)
[    0.332525] Inode-cache hash table entries: 65536 (order: 7, 524288 bytes)
[    0.348798] Mount-cache hash table entries: 2048 (order: 2, 16384 bytes)
[    0.349733] Mountpoint-cache hash table entries: 2048 (order: 2, 16384 bytes)
[    0.350857] Initializing cgroup subsys io
[    0.351545] Initializing cgroup subsys memory
[    0.352268] Initializing cgroup subsys devices
[    0.352960] Initializing cgroup subsys freezer
[    0.353649] Initializing cgroup subsys net_cls
[    0.354342] Initializing cgroup subsys perf_event
[    0.355062] Initializing cgroup subsys net_prio
[    0.355784] Initializing cgroup subsys hugetlb
[    0.356486] Initializing cgroup subsys pids
[    0.367212] CPU: Physical Processor ID: 0
[    0.367894] CPU: Processor Core ID: 0
[    0.368529] FEATURE SPEC_CTRL Not Present
[    0.369178] mce: CPU supports 0 MCE banks
[    0.369844] Last level iTLB entries: 4KB 512, 2MB 8, 4MB 8
[    0.370644] Last level dTLB entries: 4KB 512, 2MB 32, 4MB 32, 1GB 0
[    0.373493] Freeing SMP alternatives memory: 32K
[    0.382221] ftrace: allocating 32180 entries in 126 pages
[    0.467150] smpboot: APIC(0) Converting physical 0 to logical package 0
[    0.525290] smpboot: Max logical packages: 1
[    0.576026] x2apic enabled
[    0.596129] Switched APIC routing to physical x2apic.
[    0.597936] ..TIMER: vector=0x30 apic1=0 pin1=2 apic2=-1 pin2=-1
[    0.703792] smpboot: CPU0: Intel(R) Core(TM) i3-2120 CPU @ 3.30GHz (family: 0x6, model: 0x2a, stepping: 0x7)
[    0.715886] Performance Events: unsupported p6 CPU model 42 no PMU driver, software events only.
[    0.727280] KVM setup paravirtual spinlock
[    0.728603] x86: Booting SMP configuration:
[    0.797144] .... node  #0, CPUs:      #1
[    0.838165] kvm-clock: cpu 1, msr 0:3ffe3041, secondary cpu clock
[    0.839149] mce: CPU supports 0 MCE banks
[    0.841735] x86: Booted up 1 node, 2 CPUs
[    0.854327] smpboot: Total of 2 processors activated (13170.07 BogoMIPS)
[    0.855594] devtmpfs: initialized
[    0.889366] evm: security.selinux
[    0.897276] evm: security.SMACK64
[    0.897845] evm: security.SMACK64EXEC
[    0.898447] evm: security.SMACK64TRANSMUTE
[    0.899092] evm: security.SMACK64MMAP
[    0.899709] evm: security.ima
[    0.900247] evm: security.capability
[    0.900997] clocksource: jiffies: mask: 0xffffffff max_cycles: 0xffffffff, max_idle_ns: 7645041785100000 ns
[    0.902411] futex hash table entries: 512 (order: 3, 32768 bytes)
[    0.903395] pinctrl core: initialized pinctrl subsystem
[    0.904272] RTC time:  6:56:09, date: 01/30/18
[    0.905078] NET: Registered protocol family 16
[    0.915329] cpuidle: using governor ladder
[    0.939440] cpuidle: using governor menu
[    0.954689] PCCT header not found.
[    0.963951] ACPI: bus type PCI registered
[    0.964712] acpiphp: ACPI Hot Plug PCI Controller Driver version: 0.5
[    0.965856] PCI: Using configuration type 1 for base access
[    0.980324] ACPI: Added _OSI(Module Device)
[    0.982165] ACPI: Added _OSI(Processor Device)
[    0.982936] ACPI: Added _OSI(3.0 _SCP Extensions)
[    0.983753] ACPI: Added _OSI(Processor Aggregator Device)
[    0.987620] ACPI: Executed 1 blocks of module-level executable AML code
[    0.990517] ACPI: Interpreter enabled
[    0.991192] ACPI: (supports S0 S5)
[    0.991835] ACPI: Using IOAPIC for interrupt routing
[    0.992795] PCI: Using host bridge windows from ACPI; if necessary, use "pci=nocrs" and report a bug
[    0.997636] ACPI: PCI Root Bridge [PCI0] (domain 0000 [bus 00-ff])
[    0.998561] acpi PNP0A03:00: _OSC: OS supports [ASPM ClockPM Segments MSI]
[    0.999568] acpi PNP0A03:00: _OSC: not requesting OS control; OS requires [ExtendedConfig ASPM ClockPM MSI]
[    1.001070] acpi PNP0A03:00: fail to add MMCONFIG information, can't access extended PCI configuration space under this bridge.
[    1.002980] PCI host bridge to bus 0000:00
[    1.003682] pci_bus 0000:00: root bus resource [io  0x0000-0x0cf7 window]
[    1.032804] pci_bus 0000:00: root bus resource [io  0x0d00-0xffff window]
[    1.080326] pci_bus 0000:00: root bus resource [mem 0x000a0000-0x000bffff window]
[    1.081494] pci_bus 0000:00: root bus resource [mem 0x40000000-0xffdfffff window]
[    1.082649] pci_bus 0000:00: root bus resource [bus 00-ff]
[    1.084731] pci 0000:00:01.1: legacy IDE quirk: reg 0x10: [io  0x01f0-0x01f7]
[    1.085687] pci 0000:00:01.1: legacy IDE quirk: reg 0x14: [io  0x03f6]
[    1.086578] pci 0000:00:01.1: legacy IDE quirk: reg 0x18: [io  0x0170-0x0177]
[    1.087535] pci 0000:00:01.1: legacy IDE quirk: reg 0x1c: [io  0x0376]
[    1.108193] pci 0000:00:07.0: quirk: [io  0x4000-0x403f] claimed by PIIX4 ACPI
[    1.168706] pci 0000:00:07.0: quirk: [io  0x4100-0x410f] claimed by PIIX4 SMB
[    1.247334] ACPI: PCI Interrupt Link [LNKA] (IRQs 5 9 10 *11)
[    1.263986] ACPI: PCI Interrupt Link [LNKB] (IRQs 5 9 10 *11)
[    1.265228] ACPI: PCI Interrupt Link [LNKC] (IRQs 5 9 *10 11)
[    1.266476] ACPI: PCI Interrupt Link [LNKD] (IRQs 5 *9 10 11)
[    1.267796] ACPI: Enabled 2 GPEs in block 00 to 07
[    1.270648] vgaarb: setting as boot device: PCI:0000:00:02.0
[    1.276897] vgaarb: device added: PCI:0000:00:02.0,decodes=io+mem,owns=io+mem,locks=none
[    1.293659] vgaarb: loaded
[    1.305016] vgaarb: bridge control possible 0000:00:02.0
[    1.306826] SCSI subsystem initialized
[    1.308206] ACPI: bus type USB registered
[    1.344054] usbcore: registered new interface driver usbfs
[    1.371967] usbcore: registered new interface driver hub
[    1.372767] usbcore: registered new device driver usb
[    1.418900] PCI: Using ACPI for IRQ routing
[    1.472328] NetLabel: Initializing
[    1.508870] NetLabel:  domain hash size = 128
[    1.544243] NetLabel:  protocols = UNLABELED CIPSOv4
[    1.544990] NetLabel:  unlabeled traffic allowed by default
[    1.545917] amd_nb: Cannot enumerate AMD northbridges
[    1.546689] clocksource: Switched to clocksource kvm-clock
[    1.553743] AppArmor: AppArmor Filesystem Enabled
[    1.577472] pnp: PnP ACPI init
[    1.578672] pnp: PnP ACPI: found 3 devices
[    1.588120] clocksource: acpi_pm: mask: 0xffffff max_cycles: 0xffffff, max_idle_ns: 2085701024 ns
[    1.625022] NET: Registered protocol family 2
[    1.625874] TCP established hash table entries: 8192 (order: 4, 65536 bytes)
[    1.626865] TCP bind hash table entries: 8192 (order: 5, 131072 bytes)
[    1.627778] TCP: Hash tables configured (established 8192 bind 8192)
[    1.628676] UDP hash table entries: 512 (order: 2, 16384 bytes)
[    1.629512] UDP-Lite hash table entries: 512 (order: 2, 16384 bytes)
[    1.630419] NET: Registered protocol family 1
[    1.631119] pci 0000:00:00.0: Limiting direct PCI/PCI transfers
[    1.631973] pci 0000:00:01.0: Activating ISA DMA hang workarounds
[    1.632942] Unpacking initramfs...
[    3.244183] Freeing initrd memory: 10792K
[    3.255420] RAPL PMU detected, API unit is 2^-32 Joules, 3 fixed counters 10737418240 ms ovfl timer
[    3.256822] hw unit of domain pp0-core 2^-0 Joules
[    3.257552] hw unit of domain package 2^-0 Joules
[    3.258258] hw unit of domain pp1-gpu 2^-0 Joules
[    3.259045] platform rtc_cmos: registered platform RTC device (no PNP device found)
[    3.260266] Scanning for low memory corruption every 60 seconds
[    3.261503] audit: initializing netlink subsys (disabled)
[    3.285833] audit: type=2000 audit(1517295374.807:1): initialized
[    3.287150] Initialise system trusted keyring
[    3.288059] HugeTLB registered 2 MB page size, pre-allocated 0 pages
[    3.313632] zbud: loaded
[    3.340602] VFS: Disk quotas dquot_6.6.0
[    3.352152] VFS: Dquot-cache hash table entries: 512 (order 0, 4096 bytes)
[    3.356323] squashfs: version 4.0 (2009/01/31) Phillip Lougher
[    3.358896] fuse init (API version 7.23)
[    3.363058] Key type big_key registered
[    3.363899] Allocating IMA MOK and blacklist keyrings.
[    3.394405] Key type asymmetric registered
[    3.408931] Asymmetric key parser 'x509' registered
[    3.409717] Block layer SCSI generic (bsg) driver version 0.4 loaded (major 249)
[    3.410953] io scheduler noop registered
[    3.411599] io scheduler deadline registered (default)
[    3.412395] io scheduler cfq registered
[    3.413113] pci_hotplug: PCI Hot Plug PCI Core version: 0.5
[    3.413919] pciehp: PCI Express Hot Plug Controller Driver version: 0.4
[    3.414989] ACPI: AC Adapter [AC] (on-line)
[    3.419514] input: Power Button as /devices/LNXSYSTM:00/LNXPWRBN:00/input/input0
[    3.420701] ACPI: Power Button [PWRF]
[    3.421356] input: Sleep Button as /devices/LNXSYSTM:00/LNXSLPBN:00/input/input1
[    3.422525] ACPI: Sleep Button [SLPF]
[    3.423387] GHES: HEST is not enabled!
[    3.424102] Serial: 8250/16550 driver, 32 ports, IRQ sharing enabled
[    3.446512] 00:02: ttyS0 at I/O 0x3f8 (irq = 4, base_baud = 115200) is a 16550A
[    3.487460] Linux agpgart interface v0.103
[    3.499228] loop: module loaded
[    3.506769] scsi host0: ata_piix
[    3.519737] scsi host1: ata_piix
[    3.520346] ata1: PATA max UDMA/33 cmd 0x1f0 ctl 0x3f6 bmdma 0xd000 irq 14
[    3.521281] ata2: PATA max UDMA/33 cmd 0x170 ctl 0x376 bmdma 0xd008 irq 15
[    3.522305] libphy: Fixed MDIO Bus: probed
[    3.524051] tun: Universal TUN/TAP device driver, 1.6
[    3.544226] tun: (C) 1999-2004 Max Krasnyansky <maxk@qualcomm.com>
[    3.545138] PPP generic driver version 2.4.2
[    3.545859] ehci_hcd: USB 2.0 'Enhanced' Host Controller (EHCI) Driver
[    3.546773] ehci-pci: EHCI PCI platform driver
[    3.568250] ehci-platform: EHCI generic platform driver
[    3.569020] ohci_hcd: USB 1.1 'Open' Host Controller (OHCI) Driver
[    3.569888] ohci-pci: OHCI PCI platform driver
[    3.570576] ohci-platform: OHCI generic platform driver
[    3.571370] uhci_hcd: USB Universal Host Controller Interface driver
[    3.572305] i8042: PNP: PS/2 Controller [PNP0303:PS2K,PNP0f03:PS2M] at 0x60,0x64 irq 1,12
[    3.573960] serio: i8042 KBD port at 0x60,0x64 irq 1
[    3.574709] serio: i8042 AUX port at 0x60,0x64 irq 12
[    3.575553] mousedev: PS/2 mouse device common for all mice
[    3.576588] input: AT Translated Set 2 keyboard as /devices/platform/i8042/serio0/input/input2
[    3.608992] rtc_cmos rtc_cmos: rtc core: registered rtc_cmos as rtc0
[    3.609920] rtc_cmos rtc_cmos: alarms up to one day, 114 bytes nvram
[    3.610820] i2c /dev entries driver
[    3.611455] device-mapper: uevent: version 1.0.3
[    3.612223] device-mapper: ioctl: 4.34.0-ioctl (2015-10-28) initialised: dm-devel@redhat.com
[    3.613501] ledtrig-cpu: registered to indicate activity on CPUs
[    3.614804] NET: Registered protocol family 10
[    3.636495] NET: Registered protocol family 17
[    3.643754] Key type dns_resolver registered
[    3.658638] microcode: CPU0 sig=0x206a7, pf=0x10, revision=0x0
[    3.659538] microcode: CPU1 sig=0x206a7, pf=0x10, revision=0x0
[    3.660706] microcode: Microcode Update Driver: v2.01 <tigran@aivazian.fsnet.co.uk>, Peter Oruba
[    3.662127] registered taskstats version 1
[    3.662800] Loading compiled-in X.509 certificates
[    3.664228] Loaded X.509 cert 'Build time autogenerated kernel key: 4c603087bab8f0a02cb3b4e1fb4c40f507e71ef1'
[    3.665724] zswap: loaded using pool lzo/zbud
[    3.670658] Key type trusted registered
[    3.686469] Key type encrypted registered
[    3.735835] AppArmor: AppArmor sha1 policy hashing enabled
[    3.752647] ima: No TPM chip found, activating TPM-bypass!
[    3.753455] evm: HMAC attrs: 0x1
[    3.754259]   Magic number: 2:748:924
[    3.754953] rtc_cmos rtc_cmos: setting system clock to 2018-01-30 06:56:11 UTC (1517295371)
[    3.756343] BIOS EDD facility v0.16 2004-Jun-25, 0 devices found
[    3.768511] EDD information not available.
[    3.770434] Freeing unused kernel memory: 1508K
[    3.818634] Write protecting the kernel read-only data: 14336k
[    3.855551] Freeing unused kernel memory: 1728K
[    3.898910] Freeing unused kernel memory: 108K
Loading, please wait...
[    3.953970] random: systemd-udevd: uninitialized urandom read (16 bytes read, 2 bits of entropy available)
starting version[    3.954734] random: udevadm: uninitialized urandom read (16 bytes read, 2 bits of entropy available)
 229
[    3.954760] random: udevadm: uninitialized urandom read (16 bytes read, 2 bits of entropy available)
[    3.968071] random: udevadm: uninitialized urandom read (16 bytes read, 2 bits of entropy available)
[    3.968137] random: udevadm: uninitialized urandom read (16 bytes read, 2 bits of entropy available)
[    3.968334] random: udevadm: uninitialized urandom read (16 bytes read, 2 bits of entropy available)
[    3.968412] random: udevadm: uninitialized urandom read (16 bytes read, 2 bits of entropy available)
[    3.968490] random: udevadm: uninitialized urandom read (16 bytes read, 2 bits of entropy available)
[    3.968566] random: udevadm: uninitialized urandom read (16 bytes read, 2 bits of entropy available)
[    3.968643] random: udevadm: uninitialized urandom read (16 bytes read, 2 bits of entropy available)
[    4.183128] e1000: Intel(R) PRO/1000 Network Driver - version 7.3.21-k8-NAPI
[    4.200094] e1000: Copyright (c) 1999-2006 Intel Corporation.
[    4.202048] Fusion MPT base driver 3.04.20
[    4.211574] Copyright (c) 1999-2008 LSI Corporation
[    4.219348] Fusion MPT SPI Host driver 3.04.20
[    4.266378] tsc: Refined TSC clocksource calibration: 3292.528 MHz
[    4.284857] clocksource: tsc: mask: 0xffffffffffffffff max_cycles: 0x2f75ba2a6fb, max_idle_ns: 440795310707 ns
[    4.448383] input: ImExPS/2 Generic Explorer Mouse as /devices/platform/i8042/serio1/input/input4
[    4.551943] e1000 0000:00:03.0 eth0: (PCI:33MHz:32-bit) 02:1f:2a:60:99:e3
[    4.578071] e1000 0000:00:03.0 eth0: Intel(R) PRO/1000 Network Connection
[    4.580340] mptbase: ioc0: Initiating bringup
[    4.581355] e1000 0000:00:03.0 enp0s3: renamed from eth0
[    4.862973] ioc0: LSI53C1030 A0: Capabilities={Initiator}
[    5.317487] scsi host2: ioc0: LSI53C1030 A0, FwRev=00000000h, Ports=1, MaxQ=256, IRQ=20
[    5.439691] scsi 2:0:0:0: Direct-Access     VBOX     HARDDISK         1.0  PQ: 0 ANSI: 5
[    5.453068] scsi target2:0:0: Beginning Domain Validation
[    5.456213] scsi target2:0:0: Domain Validation skipping write tests
[    5.463285] scsi target2:0:0: Ending Domain Validation
[    5.464917] scsi target2:0:0: asynchronous
[    5.466685] scsi 2:0:1:0: Direct-Access     VBOX     HARDDISK         1.0  PQ: 0 ANSI: 5
[    5.480893] scsi target2:0:1: Beginning Domain Validation
[    5.484684] scsi target2:0:1: Domain Validation skipping write tests
[    5.486261] scsi target2:0:1: Ending Domain Validation
[    5.487663] scsi target2:0:1: asynchronous
[    5.499854] sd 2:0:0:0: [sda] 20971520 512-byte logical blocks: (10.7 GB/10.0 GiB)
[    5.500028] sd 2:0:0:0: Attached scsi generic sg0 type 0
[    5.501086] sd 2:0:1:0: Attached scsi generic sg1 type 0
[    5.501410] sd 2:0:1:0: [sdb] 20480 512-byte logical blocks: (10.5 MB/10.0 MiB)
[    5.501572] sd 2:0:1:0: [sdb] Write Protect is off
[    5.501672] sd 2:0:1:0: [sdb] Incomplete mode parameter data
[    5.501674] sd 2:0:1:0: [sdb] Assuming drive cache: write through
[    5.531166] sd 2:0:1:0: [sdb] Attached SCSI disk
[    5.931130] sd 2:0:0:0: [sda] Write Protect is off
[    5.931978] sd 2:0:0:0: [sda] Incomplete mode parameter data
[    5.932811] sd 2:0:0:0: [sda] Assuming drive cache: write through
[    5.947772]  sda: sda1
[    6.018223] sd 2:0:0:0: [sda] Attached SCSI disk
[    7.203053] floppy0: no floppy controllers found
Begin: Loading essential drivers ... [    8.592780] md: linear personality registered for level -1
[    8.598003] md: multipath personality registered for level -4
[    8.607505] md: raid0 personality registered for level 0
[    8.616926] md: raid1 personality registered for level 1
[    8.870730] raid6: sse2x1   gen()  7793 MB/s
[    8.942701] raid6: sse2x1   xor()  6738 MB/s
[    9.014730] raid6: sse2x2   gen() 10922 MB/s
[    9.082722] raid6: sse2x2   xor()  7813 MB/s
[    9.150732] raid6: sse2x4   gen() 12565 MB/s
[    9.218719] raid6: sse2x4   xor()  9285 MB/s
[    9.220735] raid6: using algorithm sse2x4 gen() 12565 MB/s
[    9.221801] raid6: .... xor() 9285 MB/s, rmw enabled
[    9.222809] raid6: using ssse3x2 recovery algorithm
[    9.225300] xor: automatically using best checksumming function:
[    9.342889]    avx       : 44328.000 MB/sec
[    9.580364] async_tx: api initialized (async)
[    9.595798] md: raid6 personality registered for level 6
[    9.612474] md: raid5 personality registered for level 5
[    9.613247] md: raid4 personality registered for level 4
[    9.620163] md: raid10 personality registered for level 10
done.
Begin: Running /scripts/init-premount ... done.
Begin: Mounting root file system ... Begin: Running /scripts/local-top ... done.
Begin: Running /scripts/local-premount ... [    9.663986] Btrfs loaded
Scanning for Btrfs filesystems
done.
Warning: fsck not present, so skipping root file system
[    9.747025] EXT4-fs (sda1): mounted filesystem with ordered data mode. Opts: (null)
done.
Begin: Running /scripts/local-bottom ... done.
Begin: Running /scripts/init-bottom ... done.
[   10.276374] systemd[1]: systemd 229 running in system mode. (+PAM +AUDIT +SELINUX +IMA +APPARMOR +SMACK +SYSVINIT +UTMP +LIBCRYPTSETUP +GCRYPT +GNUTLS +ACL +XZ -LZ4 +SECCOMP +BLKID +ELFUTILS +KMOD -IDN)
[   10.294387] systemd[1]: Detected virtualization oracle.
[   10.295624] systemd[1]: Detected architecture x86-64.

Welcome to [1mUbuntu 16.04.3 LTS[0m!

[   10.319417] systemd[1]: Set hostname to <ubuntu>.
[   10.338923] systemd[1]: Initializing machine ID from random generator.
[   10.345527] systemd[1]: Installed transient /etc/machine-id file.
[   10.911035] random: nonblocking pool is initialized
[   11.172776] systemd[1]: Set up automount Arbitrary Executable File Formats File System Automount Point.
[[0;32m  OK  [0m] Set up automount Arbitrary Executab...ats File System Automount Point.
[   11.209594] systemd[1]: Listening on LVM2 poll daemon socket.
[[0;32m  OK  [0m] Listening on LVM2 poll daemon socket.
[   11.233216] systemd[1]: Reached target User and Group Name Lookups.
[[0;32m  OK  [0m] Reached target User and Group Name Lookups.
[   11.238870] systemd[1]: Created slice User and Session Slice.
[[0;32m  OK  [0m] Created slice User and Session Slice.
[   11.248698] systemd[1]: Created slice System Slice.
[[0;32m  OK  [0m] Created slice System Slice.
[   11.262624] systemd[1]: Created slice system-serial\x2dgetty.slice.
[[0;32m  OK  [0m] Created slice system-serial\x2dgetty.slice.
[   11.270572] systemd[1]: Reached target Slices.
[[0;32m  OK  [0m] Reached target Slices.
[   11.288100] systemd[1]: Started Forward Password Requests to Wall Directory Watch.
[[0;32m  OK  [0m] Started Forward Password Requests to Wall Directory Watch.
[   11.338985] systemd[1]: Listening on Syslog Socket.
[[0;32m  OK  [0m] Listening on Syslog Socket.
[   11.346684] systemd[1]: Listening on Device-mapper event daemon FIFOs.
[[0;32m  OK  [0m] Listening on Device-mapper event daemon FIFOs.
[   11.354772] systemd[1]: Listening on /dev/initctl Compatibility Named Pipe.
[[0;32m  OK  [0m] Listening on /dev/initctl Compatibility Named Pipe.
[   11.364784] systemd[1]: Listening on Journal Socket.
[[0;32m  OK  [0m] Listening on Journal Socket.
[   11.393264] systemd[1]: Mounting Debug File System...
         Mounting Debug File System...
[   11.427074] systemd[1]: Starting Load Kernel Modules...
         Starting Load Kernel Modules...
[   11.448364] systemd[1]: Mounting Huge Pages File System...
         Mounting Huge Pages File System...
[   11.468306] systemd[1]: Starting Remount Root and Kernel File Systems...
[   11.480695] EXT4-fs (sda1): re-mounted. Opts: (null)
         Starting Remount Root and Kernel File Systems...
[   11.490549] systemd[1]: Starting Create list of required static device nodes for the current kernel...
         Starting Create list of required st... nodes for the current kernel...
[   11.500195] Loading iSCSI transport class v2.0-870.
[   11.500480] systemd[1]: Starting Set console keymap...
         Starting Set console keymap...
[   11.507356] systemd[1]: Starting Uncomplicated firewall...
         Starting Uncomplicated firewall...
[   11.542417] iscsi: registered transport (tcp)
[   11.594946] systemd[1]: Starting Nameserver information manager...
         Starting Nameserver information manager...
[   11.615160] systemd[1]: Listening on Journal Audit Socket.
[[0;32m  OK  [0m] Listening on Journal Audit S[   11.660279] iscsi: registered transport (iser)
ocket.
[   11.699457] systemd[1]: Listening on Journal Socket (/dev/log).
[[0;32m  OK  [0m] Listening on Journal Socket (/dev/log).
[   11.731083] systemd[1]: Starting Journal Service...
         Starting Journal Service...
[   11.736051] systemd[1]: Reached target Encrypted Volumes.
[[0;32m  OK  [0m] Reached target Encrypted Volumes.
[   11.752938] systemd[1]: Started Trigger resolvconf update for networkd DNS.
[[0;32m  OK  [0m] Started Trigger resolvconf update for networkd DNS.
[   11.772833] systemd[1]: Listening on udev Control Socket.
[[0;32m  OK  [0m] Listening on udev Control Socket.
[   11.781917] systemd[1]: Listening on LVM2 metadata daemon socket.
[[0;32m  OK  [0m] Listening on LVM2 metadata daemon socket.
[   11.799058] systemd[1]: Starting Monitoring of LVM2 mirrors, snapshots etc. using dmeventd or progress polling...
         Starting Monitoring of LVM2 mirrors... dmeventd or progress polling...
[   11.816357] systemd[1]: Listening on udev Kernel Socket.
[[0;32m  OK  [0m] Listening on udev Kernel Socket.
[   11.838937] systemd[1]: Mounting POSIX Message Queue File System...
         Mounting POSIX Message Queue File System...
[   11.868250] systemd[1]: Reached target Swap.
[[0;32m  OK  [0m] Reached target Swap.
[   11.920177] systemd[1]: Mounted Huge Pages File System.
[[0;32m  OK  [0m] Mounted Huge Pages File System.
[   11.945281] systemd[1]: Mounted Debug File System.
[[0;32m  OK  [0m] Mounted Debug File System.
[   11.983025] systemd[1]: Mounted POSIX Message Queue File System.
[[0;32m  OK  [0m] Mounted POSIX Message Queue File System.
[   12.002227] systemd[1]: Started Journal Service.
[[0;32m  OK  [0m] Started Journal Service.
[[0;32m  OK  [0m] Started Load Kernel Modules.
[[0;32m  OK  [0m] Started Remount Root and Kernel File Systems.
[[0;32m  OK  [0m] Started Create list of required sta...ce nodes for the current kernel.
[[0;32m  OK  [0m] Started Set console keymap.
[[0;32m  OK  [0m] Started Uncomplicated firewall.
[[0;32m  OK  [0m] Started Nameserver information manager.
[[0;32m  OK  [0m] Started LVM2 metadata daemon.
         Starting Create Static Device Nodes in /dev...
         Starting udev Coldplug all Devices...
         Starting Load/Save Random Seed...
         Starting Initial cloud-init job (pre-networking)...
         Mounting FUSE Control File System...
         Starting Apply Kernel Variables...
         Starting Flush Journal to Persistent Storage...
[[0;32m  OK  [0m] Mounted FUSE Control File System.
[[0;32m  OK  [0m] Started Load/Save Random Seed.
[   12.347706] systemd-journald[389]: Received request to flush runtime journal from PID 1
[[0;32m  OK  [0m] Started udev Coldplug all Devices.
[[0;32m  OK  [0m] Started Apply Kernel Variables.
[[0;32m  OK  [0m] Started Flush Journal to Persistent Storage.
[[0;32m  OK  [0m] Started Create Static Device Nodes in /dev.
         Starting udev Kernel Device Manager...
[[0;32m  OK  [0m] Started Monitoring of LVM2 mirrors,...ng dmeventd or progress polling.
[[0;32m  OK  [0m] Started udev Kernel Device Manager.
[[0;32m  OK  [0m] Reached target Local File Systems (Pre).
[[0;32m  OK  [0m] Reached target Local File Systems.
         Starting Tell Plymouth To Write Out Runtime Data...
         Starting Commit a transient machine-id on disk...
         Starting LSB: AppArmor initialization...
         Starting Set console font and keymap...
         Starting Create Volatile Files and Directories...
[[0;32m  OK  [0m] Started Dispatch Password Requests to Console Directory Watch.
[[0;32m  OK  [0m] Started Tell Plymouth To Write Out Runtime Data.
[[0;32m  OK  [0m] Started Commit a transient machine-id on disk.
[[0;32m  OK  [0m] Started Create Volatile Files and Directories.
[[0;32m  OK  [0m] Found device /dev/ttyS0.
[[0;32m  OK  [0m] Reached target System Time Synchronized.
         Starting Update UTMP about System Boot/Shutdown...
[[0;32m  OK  [0m] Started Update UTMP about System Boot/Shutdown.
[[0;32m  OK  [0m] Listening on Load/Save RF Kill Switch Status /dev/rfkill Watch.
[[0;32m  OK  [0m] Started LSB: AppArmor initialization.
[[0;32m  OK  [0m] Started Set console font and keymap.
[[0;32m  OK  [0m] Created slice system-getty.slice.
[   15.809066] cloud-init[421]: Cloud-init v. 17.1 running 'init-local' at Tue, 30 Jan 2018 06:56:24 +0000. Up 15.35 seconds.
[[0;32m  OK  [0m] Started Initial cloud-init job (pre-networking).
[[0;32m  OK  [0m] Reached target Network (Pre).
         Starting Raise network interfaces...
[[0;32m  OK  [0m] Started Raise network interfaces.
         Starting Initial cloud-init job (metadata service crawler)...
[[0;32m  OK  [0m] Reached target Network.
[   18.529673] cloud-init[923]: Cloud-init v. 17.1 running 'init' at Tue, 30 Jan 2018 06:56:25 +0000. Up 16.68 seconds.
[   18.543487] cloud-init[923]: ci-info: +++++++++++++++++++++++++++++++++++++Net device info++++++++++++++++++++++++++++++++++++++
[   18.560640] cloud-init[923]: ci-info: +--------+------+----------------------------+---------------+-------+-------------------+
[[0;32m  OK  [0m] Started Initial cloud-init job (metadata service crawler).
[   18.608420] cloud-init[923]: ci-info: | Device |  Up  |          Address           |      Mask     | Scope |     Hw-Address    |
[   18.615658] [cloud-init[0;32m  OK  [0m[923]: ] ci-info: +--------+------+----------------------------+---------------+-------+-------------------+Reached target System Initialization.

[   18.616077] [[0;32m  OK  [0m] Listening on ACPID Listen Socket.
[[0;32m  OK  [0m] Listening on D-Bus System Message Bus Socket.
[[0;32m  OK  [0m] Listening on UUID daemon activation socket.
         Starting Socket activation for snappy daemon.
[[0;32m  OK  [0m] Started Daily Cleanup of Temporary Directories.
cloud-init[923]: ci-info: | enp0s3 | True |         10.0.2.15          | 255.255.255.0 |   .   | 02:1f:2a:60:99:e3 |
[   18.650669] cloud-init[923]: ci-info: | enp0s3 | True | fe80::1f:2aff:fe60:99e3/64 |       .       |  link | 02:1f:2a:60:99:e3 |
[   18.664406]          cloud-initStarting LXD - unix socket.[923]: 
ci-info: |   lo   | True |         127.0.0.1          |   255.0.0.0   |   .   |         .         |
[   18.675626] [[0;32m  OK  [0m] Started Timer to automatically refresh installed snaps.
cloud-init[923]: ci-info: |   lo   | True |          ::1/128           |       .       |  host |         .         |
[   18.686244] cloud-init[923]: ci-info: +--------+------+----------------------------+---------------+-------+-------------------+
[   18.687753] cloud-init[923]: ci-info: +++++++++++++++++++++++++++Route IPv4 info++++++++++++++++++++++++++++
[   18.689131] cloud-init[923]: ci-info: +-------+-------------+----------+---------------+-----------+-------+
[   18.705624] [cloud-init[0;32m  OK  [0m[923]: ] ci-info: | Route | Destination | Gateway  |    Genmask    | Interface | Flags |Started ACPI Events Check.

[   18.706016] [[0;32m  OK  [0m] Reached target Paths.
[[0;32m  OK  [0m] Reached target Cloud-config availability.
[[0;32m  OK  [0m] Reached target Network is Online.
[[0;32m  OK  [0m] Started Daily apt download activities.
[[0;32m  OK  [0m] Started Daily apt upgrade and clean activities.
[[0;32m  OK  [0m] Reached target Timers.
cloud-init[923]: ci-info: +-------+-------------+----------+---------------+-----------+-------+
[   18.715284] cloud-init[923]: ci-info: |   0   |   0.0.0.0   | 10.0.2.2 |    0.0.0.0    |   enp0s3  |   UG  |
[   18.762371]          cloud-initStarting iSCSI initiator daemon (iscsid)...[923]: 
ci-info: |   1   |   10.0.2.0  | 0.0.0.0  | 255.255.255.0 |   enp0s3  |   U   |
[   18.765142] [cloud-init[0;32m  OK  [0m[923]: ] ci-info: +-------+-------------+----------+---------------+-----------+-------+Listening on Socket activation for snappy daemon.

[   18.765509] [[0;32m  OK  [0m] Listening on LXD - unix socket.
cloud-init[923]: Generating public/private rsa key pair.
[   18.794355] cloud-init[923]: Your identification has been saved in /etc/ssh/ssh_host_rsa_key.
[   18.815354] [[0;32m  OK  [0m] Reached target Sockets.
[[0;32m  OK  [0m] Reached target Basic System.
cloud-init[923]: Your public key has been saved in /etc/ssh/ssh_host_rsa_key.pub.
[   18.868525]          cloud-initStarting Pollinate to seed the pseudo random number generator...[923]: 
The key fingerprint is:
[   18.871879] cloud-init[923]: SHA256:+rMsi7Abs5kfbEC9xK+hG967d8iu7YMHzi/Tj0aTIUc root@ubuntu-xenial
[   18.900688] [cloud-init[0;32m  OK  [0m[923]: ] The key's randomart image is:Started D-Bus System Message Bus.

[   18.903577] cloud-init[923]: +---[RSA 2048]----+
[   18.906166] cloud-init[923]: |                 |
[   18.908893] cloud-init[923]: |   o  E          |
[   18.914773] cloud-init[923]: |  . +.           |
[   18.932375] cloud-init[923]: | . ..oo          |
[   18.936873] cloud-init[923]: |  . oo.oS        |
[   18.940458] cloud-init[923]: |   +.o+.         |
[   18.951467] cloud-init[923]: |  *o=*.o         |
[   18.991135] cloud-init[923]: | . &*+X+o        |
[   18.997371] cloud-init[923]: |  OoB&B*=o       |
[   19.025391] cloud-init[923]: +----[SHA256]-----+
[   19.051303] cloud-init[923]: Generating public/private dsa key pair.
[   19.079216] cloud-init[923]: Your identification has been saved in /etc/ssh/ssh_host_dsa_key.
[   19.094242]          cloud-initStarting /etc/rc.local Compatibility...[923]: 
Your public key has been saved in /etc/ssh/ssh_host_dsa_key.pub.
[   19.097651]          Starting Login Service...
cloud-init[923]: The key fingerprint is:
[   19.103370]          cloud-initStarting System Logging Service...[923]: 
SHA256:PJCKUo84Wldgu//ZlTjvWt/+zJ5cFlE5Qi1hMMAj06U root@ubuntu-xenial
[   19.106893] cloud-init[923]: The key's randomart image is:
[   19.110518] cloud-init[923]: +---[DSA 1024]----+
[[0;32m  OK  [0m] Started Regular background program processing daemon.
[   19.144710] cloud-init[923]: |    o   o.o+o+o o|
[   19.165634] cloud-init[923]: |   . o + +. oo +.|
[   19.178935] cloud-init[923]: |  . . + oE.   o..|
[   19.182537] cloud-init[923]: | o + + o        .|
[   19.185858] cloud-init[923]: |+ + =   S      . |
[   19.201626] cloud-init[923]: |.+ . .   . . .  .|
[   19.203394] cloud-init[923]: |.     .   o +   o|
[[0;32m  OK  [0m] Started ACPI event daemon.
[   19.231138] cloud-init[923]: |       . o = ..=o|
[   19.252631] cloud-init[923]: |        o ooo .=O|
[[0;32m  OK  [0m] Started Deferred execution scheduler.
[   19.278997] cloud-init[923]: +----[SHA256]-----+
         Starting LSB: Record successful boot for GRUB...
[   19.319606] cloud-init[923]: Generating public/private ecdsa key pair.
[   19.349745] cloud-init[923]: Your identification has been saved in /etc/ssh/ssh_host_ecdsa_key.
         Starting LSB: MD monitoring daemon...
[   19.379069] cloud-init[923]: Your public key has been saved in /etc/ssh/ssh_host_ecdsa_key.pub.
[   19.402336]          cloud-initStarting Accounts Service...[923]: 
The key fingerprint is:
[   19.409079] [[0;32m  OK  [0m] Started Unattended Upgrades Shutdown.
cloud-init[923]: SHA256:tv+Zc/J8vdI0php02959Z0+IbzTUyJ8DGJEbnvWT0v4 root@ubuntu-xenial         Starting Apply the settings specified in cloud-config...
[[0;32m  OK  [0m] Started FUSE filesystem for LXC.
         Starting LXD - container startup/shutdown...

         Starting Snappy daemon...
[   19.514310] cloud-init[923]: The key's randomart image is:
[   19.564542] cloud-init[923]: +---[ECDSA 256]---+
[[0;32m  OK  [0m] Started System Logging Service.
[   19.600425] cloud-init[923]: |           .o    |
[[0;32m  OK  [0m] Started iSCSI initiator daemon (iscsid).
[[0;32m  OK  [0m] Started /etc/rc.local Compatibility.
[   19.655803] cloud-init[923]: |           + .   |
[   19.750488] cloud-init[923]: |          . B.oo.|
[   19.754231] cloud-init[923]: |           = o+=.|
[   19.805030] cloud-init[923]: |        S  . o+.o|
         Starting Login to default iSCSI targets...
[[0;32m  OK  [0m] Started Login Service.
[   19.811586] cloud-init[923]: |       . .. ..=O.|
[   19.835136] cloud-init[923]: |        .  ..o*o*|
[   19.838330] cloud-init[923]: |         .  +B+oE|
[   19.840077] cloud-init[923]: |          .o=*==O|
[   19.841794] cloud-init[923]: +----[SHA256]-----+
[   19.852734] cloud-init[923]: Generating public/private ed25519 key pair.
[   19.869175] cloud-init[923]: Your identification has been saved in /etc/ssh/ssh_host_ed25519_key.
[   19.884427] cloud-init[923]: Your public key has been saved in /etc/ssh/ssh_host_ed25519_key.pub.
[   19.886678] cloud-init[923]: The key fingerprint is:
[   19.900775] cloud-init[923]: SHA256:CFOlmykLm9Bf2BDL/QYYHcLj7hWweojgpXs9wWIY0o8 root@ubuntu-xenial
[   19.936588] cloud-init[923]: The key's randomart image is:
[   19.936805] cloud-init[923]: +--[ED25519 256]--+
[[0;32m  OK  [0m] Started LSB: Record successful boot for GRUB.
[   19.936883] cloud-init[923]: |   .+.oo.        |
[   19.998066] cloud-init[923]: |   .+O..         |
[   20.008530] [cloud-init[0;32m  OK  [0m[923]: ] | . .B++          |Started LSB: MD monitoring daemon.

[   20.009238] cloud-init[923]: |oo..o*.B         |[[0;32m  OK  [0m] Started Login to default iSCSI targets.

[[0;32m  OK  [0m] Reached target Remote File Systems (Pre).
[[0;32m  OK  [0m] Reached target Remote File Systems.
[   20.019082] cloud-init[923]: |=.B*+ B.S        |
[   20.022655] cloud-init[923]: |.=EB+*..         |
[   20.023878] cloud-init[923]: |  =o=..          |
[   20.030159] cloud-init[923]: | . ..o           |
         Starting LSB: Set the CPU Frequency Scaling governor to "ondemand"...
[   20.044556] cloud-init[923]: |  .   .          |
         Starting LSB: VirtualBox Linux Additions...
[   20.060999] cloud-init[923]: +----[SHA256]-----+
         Starting LSB: daemon to balance interrupts for SMP systems...
         Starting Permit User Sessions...
         Starting LSB: automatic crash report generation...
[[0;32m  OK  [0m] Started Permit User Sessions.
[[0;32m  OK  [0m] Started LSB: Set the CPU Frequency Scaling governor to "ondemand".
         Starting Terminate Plymouth Boot Screen...
         Starting Hold until boot process finishes up...
[[0;32m  OK  [0m] Started Hold until boot process finishes up.
[[0;32m  OK  [0m] Started Terminate Plymouth Boot Screen.
[[0;32m  OK  [0m] Started Getty on tty1.
[[0;32m  OK  [0m] Started Serial Getty on ttyS0.
[[0;32m  OK  [0m] Reached target Login Prompts.
         Starting Set console scheme...
[[0;32m  OK  [0m] Started LSB: daemon to balance interrupts for SMP systems.
[[0;32m  OK  [0m] Started LSB: automatic crash report generation.
[[0;32m  OK  [0m] Started Set console scheme.
         Starting Authenticate and Authorize Users to Run Privileged Tasks...
[   20.486461] cloud-init[1095]: Generating locales (this might take a while)...
[[0;32m  OK  [0m] Started Authenticate and Authorize Users to Run Privileged Tasks.
[[0;32m  OK  [0m] Started Accounts Service.
[[0;32m  OK  [0m] Started LSB: VirtualBox Linux Additions.
[[0;32m  OK  [0m] Started Pollinate to seed the pseudo random number generator.
         Starting OpenBSD Secure Shell server...
[[0;32m  OK  [0m] Started OpenBSD Secure Shell server.
[[0;32m  OK  [0m] Started Snappy daemon.
[[0;32m  OK  [0m] Started LXD - container startup/shutdown.
[[0;32m  OK  [0m] Reached target Multi-User System.
[[0;32m  OK  [0m] Reached target Graphical Interface.
         Starting Update UTMP about System Runlevel Changes...
[   22.248089] cloud-init[1095]:   en_US.UTF-8... done
[[0;32m  OK  [0m] Started Update UTMP about System Runlevel Changes.
[   22.282713] cloud-init[1095]: Generation complete.
[[0;32m  OK  [0m] Created slice User Slice of vagrant.
         Starting User Manager for UID 1000...
[[0;32m  OK  [0m] Started Session 1 of user vagrant.
[[0;32m  OK  [0m] Started User Manager for UID 1000.
[   24.237000] cloud-init[1095]: Cloud-init v. 17.1 running 'modules:config' at Tue, 30 Jan 2018 06:56:28 +0000. Up 19.88 seconds.
[[0;32m  OK  [0m] Started Apply the settings specified in cloud-config.
         Starting Execute cloud user/final scripts...
ci-info: no authorized ssh keys fingerprints found for user ubuntu.
<14>Jan 30 06:56:33 ec2: 
<14>Jan 30 06:56:33 ec2: #############################################################
<14>Jan 30 06:56:33 ec2: -----BEGIN SSH HOST KEY FINGERPRINTS-----
<14>Jan 30 06:56:33 ec2: 1024 SHA256:PJCKUo84Wldgu//ZlTjvWt/+zJ5cFlE5Qi1hMMAj06U root@ubuntu-xenial (DSA)
<14>Jan 30 06:56:33 ec2: 256 SHA256:tv+Zc/J8vdI0php02959Z0+IbzTUyJ8DGJEbnvWT0v4 root@ubuntu-xenial (ECDSA)
<14>Jan 30 06:56:33 ec2: 256 SHA256:CFOlmykLm9Bf2BDL/QYYHcLj7hWweojgpXs9wWIY0o8 root@ubuntu-xenial (ED25519)
<14>Jan 30 06:56:33 ec2: 2048 SHA256:+rMsi7Abs5kfbEC9xK+hG967d8iu7YMHzi/Tj0aTIUc root@ubuntu-xenial (RSA)
<14>Jan 30 06:56:33 ec2: -----END SSH HOST KEY FINGERPRINTS-----
<14>Jan 30 06:56:33 ec2: #############################################################
-----BEGIN SSH HOST KEY KEYS-----
ecdsa-sha2-nistp256 AAAAE2VjZHNhLXNoYTItbmlzdHAyNTYAAAAIbmlzdHAyNTYAAABBBLoYbiTKVbBPWByuSLHwz8El7EDj4/x59vlbBoHUCPai7y2vtJNZL+q8tEA9GYoAmC209bZmdX6QU5ATud3eBxM= root@ubuntu-xenial
ssh-ed25519 AAAAC3NzaC1lZDI1NTE5AAAAIP9I3kqWwRV8dJlyLFs0W7lo4E6i96QIgZcRCms7o8Cv root@ubuntu-xenial
ssh-rsa AAAAB3NzaC1yc2EAAAADAQABAAABAQDOlGbhPWUOyKbA2pc6Pii1vS0sbA9YA++3MHCK46pXC7PoEVyQnTGAbM6yq+3IgJsx4dpEO8ksEBr5DfwHVUhMPisrZD7ipsVO/wFssri6AGzQECTcnDyg2aijLd3Yh+qZYDMMR8pOxXQNoX+mJEZFR5QsJDhLVv5iNXzTZYn0qgsk8+C/b9HEUZ7ewLQx+1Inx03jHDHqS05RkJ96zxHctOI+TkplIs8a3PC3xvxfduOfofXOE1G91qT4L9IB6diwCRlflMti/mzf2W6lQEqEekhW4MaLb2Tbm3RXUd/0PR19C4umN1xpoR0BH14TJRUyp1DbyjKya1renbMrKblT root@ubuntu-xenial
-----END SSH HOST KEY KEYS-----
[   24.975901] cloud-init[1348]: Cloud-init v. 17.1 running 'modules:final' at Tue, 30 Jan 2018 06:56:33 +0000. Up 24.67 seconds.
[   25.009003] cloud-init[1348]: ci-info: no authorized ssh keys fingerprints found for user ubuntu.
[[0;32m  OK  [0m] Started Execute cloud user/final scripts.
[   25.054563] cloud-init[1348]: Cloud-init v. 17.1 finished at Tue, 30 Jan 2018 06:56:33 +0000. Datasource DataSourceNoCloud [seed=/dev/sdb][dsmode=net].  Up 24.96 seconds
[[0;32m  OK  [0m] Reached target Cloud-init target.

Ubuntu 16.04.3 LTS ubuntu-xenial ttyS0

ubuntu-xenial login: 